app/build/intermediates/manifest_merge_blame_file/debug/manifest-merger-blame-debug-report.txt
1<?xml version="1.0" encoding="utf-8"?>
2<manifest xmlns:android="http://schemas.android.com/apk/res/android"
3    package="lu.uni.project.eventmanager"
4    android:versionCode="1"
5    android:versionName="1.0" >
6
7    <uses-sdk
8        android:minSdkVersion="21"
8-->src/main/AndroidManifest.xml
9        android:targetSdkVersion="29" />
9-->src/main/AndroidManifest.xml
10
11    <uses-permission android:name="android.permission.READ_EXTERNAL_STORAGE" />
11-->src/main/AndroidManifest.xml:6:5-80
11-->src/main/AndroidManifest.xml:6:22-77
12    <uses-permission android:name="android.permission.WRITE_EXTERNAL_STORAGE" />
12-->src/main/AndroidManifest.xml:7:5-81
12-->src/main/AndroidManifest.xml:7:22-78
13    <uses-permission android:name="android.permission.CAMERA" />
13-->src/main/AndroidManifest.xml:8:5-65
13-->src/main/AndroidManifest.xml:8:22-62
14    <uses-permission android:name="android.permission.INTERNET" />
14-->src/main/AndroidManifest.xml:9:5-67
14-->src/main/AndroidManifest.xml:9:22-64
15    <uses-permission android:name="android.permission.ACCESS_NETWORK_STATE" />
15-->src/main/AndroidManifest.xml:10:5-79
15-->src/main/AndroidManifest.xml:10:22-76
16    <uses-permission android:name="android.permission.WRITE_EXTERNAL_STORAGE" />
16-->src/main/AndroidManifest.xml:7:5-81
16-->src/main/AndroidManifest.xml:7:22-78
17    <uses-permission android:name="android.permission.ACCESS_FINE_LOCATION" />
17-->src/main/AndroidManifest.xml:12:5-79
17-->src/main/AndroidManifest.xml:12:22-76
18    <uses-permission android:name="android.permission.ACCESS_COARSE_LOCATION" />
18-->src/main/AndroidManifest.xml:13:5-81
18-->src/main/AndroidManifest.xml:13:22-78
19    <uses-permission android:name="android.permission.INTERNET" />
19-->src/main/AndroidManifest.xml:9:5-67
19-->src/main/AndroidManifest.xml:9:22-64
20    <uses-permission android:name="android.permission.READ_EXTERNAL_STROAGE" />
20-->src/main/AndroidManifest.xml:15:5-79
20-->src/main/AndroidManifest.xml:15:22-77
21
22    <uses-feature
22-->src/main/AndroidManifest.xml:17:5-19:36
23        android:name="android.hardware.location.network"
23-->src/main/AndroidManifest.xml:18:9-57
24        android:required="false" />
24-->src/main/AndroidManifest.xml:19:9-33
25    <uses-feature
25-->src/main/AndroidManifest.xml:20:5-22:36
26        android:name="android.hardware.location.gps"
26-->src/main/AndroidManifest.xml:21:9-53
27        android:required="false" />
27-->src/main/AndroidManifest.xml:22:9-33
28
29    <uses-permission android:name="android.permission.ACCESS_WIFI_STATE" />
29-->[com.google.android.libraries.places:places-compat:2.0.0] AndroidManifest.xml:10:5-76
29-->[com.google.android.libraries.places:places-compat:2.0.0] AndroidManifest.xml:10:22-73
30    <uses-permission android:name="android.permission.WAKE_LOCK" />
30-->[com.google.android.gms:play-services-measurement-api:17.2.1] AndroidManifest.xml:24:5-68
30-->[com.google.android.gms:play-services-measurement-api:17.2.1] AndroidManifest.xml:24:22-65
31
32    <uses-feature
32-->[com.google.android.gms:play-services-maps:17.0.0] AndroidManifest.xml:26:5-28:35
33        android:glEsVersion="0x00020000"
33-->[com.google.android.gms:play-services-maps:17.0.0] AndroidManifest.xml:27:9-41
34        android:required="true" /> <!-- Required by older versions of Google Play services to create IID tokens -->
34-->[com.google.android.gms:play-services-maps:17.0.0] AndroidManifest.xml:28:9-32
35    <uses-permission android:name="com.google.android.c2dm.permission.RECEIVE" />
35-->[com.google.firebase:firebase-iid:19.0.0] AndroidManifest.xml:26:5-82
35-->[com.google.firebase:firebase-iid:19.0.0] AndroidManifest.xml:26:22-79
36    <uses-permission android:name="com.google.android.finsky.permission.BIND_GET_INSTALL_REFERRER_SERVICE" />
36-->[com.google.android.gms:play-services-measurement:17.2.1] AndroidManifest.xml:26:5-110
36-->[com.google.android.gms:play-services-measurement:17.2.1] AndroidManifest.xml:26:22-107
37
38    <application
38-->src/main/AndroidManifest.xml:24:5-85:19
39        android:allowBackup="true"
39-->src/main/AndroidManifest.xml:25:9-35
40        android:appComponentFactory="androidx.core.app.CoreComponentFactory"
40-->[androidx.core:core:1.1.0] AndroidManifest.xml:24:18-86
41        android:debuggable="true"
42        android:icon="@mipmap/ic_launcher"
42-->src/main/AndroidManifest.xml:26:9-43
43        android:label="@string/app_name"
43-->src/main/AndroidManifest.xml:27:9-41
44        android:roundIcon="@mipmap/ic_launcher_round"
44-->src/main/AndroidManifest.xml:28:9-54
45        android:supportsRtl="true"
45-->src/main/AndroidManifest.xml:29:9-35
46        android:testOnly="true"
47        android:theme="@style/AppTheme" >
47-->src/main/AndroidManifest.xml:30:9-40
48        <activity android:name="lu.uni.project.eventmanager.activity.RegistrationActivity" />
48-->src/main/AndroidManifest.xml:32:9-76
48-->src/main/AndroidManifest.xml:32:19-64
49
50        <meta-data
50-->src/main/AndroidManifest.xml:34:9-36:71
51            android:name="com.google.android.geo.API_KEY"
51-->src/main/AndroidManifest.xml:35:13-58
52            android:value="AIzaSyBr5l_bqBZWFO9W2Ys3HrNRwF0_9628KYo" />
52-->src/main/AndroidManifest.xml:36:13-68
53
54        <activity android:name="lu.uni.project.eventmanager.activity.CreateEventStep5" />
54-->src/main/AndroidManifest.xml:38:9-63
54-->src/main/AndroidManifest.xml:38:19-60
55        <activity android:name="lu.uni.project.eventmanager.activity.CreateEventStep4" />
55-->src/main/AndroidManifest.xml:39:9-63
55-->src/main/AndroidManifest.xml:39:19-60
56        <activity android:name="lu.uni.project.eventmanager.activity.CreateEventStep3" />
56-->src/main/AndroidManifest.xml:40:9-63
56-->src/main/AndroidManifest.xml:40:19-60
57        <activity android:name="lu.uni.project.eventmanager.activity.CreateEventStep2" />
57-->src/main/AndroidManifest.xml:41:9-63
57-->src/main/AndroidManifest.xml:41:19-60
58
59        <provider
59-->src/main/AndroidManifest.xml:43:9-51:20
60            android:name="androidx.core.content.FileProvider"
60-->src/main/AndroidManifest.xml:44:13-62
61            android:authorities="lu.uni.project.eventmanager.fileprovider"
61-->src/main/AndroidManifest.xml:45:13-75
62            android:exported="false"
62-->src/main/AndroidManifest.xml:46:13-37
63            android:grantUriPermissions="true" >
63-->src/main/AndroidManifest.xml:47:13-47
64            <meta-data
64-->src/main/AndroidManifest.xml:48:13-50:54
65                android:name="android.support.FILE_PROVIDER_PATHS"
65-->src/main/AndroidManifest.xml:49:17-67
66                android:resource="@xml/file_paths" />
66-->src/main/AndroidManifest.xml:50:17-51
67        </provider>
68
69        <activity
69-->src/main/AndroidManifest.xml:53:9-56:59
70            android:name="lu.uni.project.eventmanager.activity.CreateEventActivity"
70-->src/main/AndroidManifest.xml:54:13-57
71            android:label="@string/title_activity_create_event"
71-->src/main/AndroidManifest.xml:55:13-64
72            android:theme="@style/AppTheme.NoActionBar" />
72-->src/main/AndroidManifest.xml:56:13-56
73        <activity
73-->src/main/AndroidManifest.xml:57:9-59:72
74            android:name="lu.uni.project.eventmanager.activity.BottomNavigationActivity"
74-->src/main/AndroidManifest.xml:58:13-62
75            android:label="@string/title_activity_bottom_navigation" />
75-->src/main/AndroidManifest.xml:59:13-69
76        <activity android:name="lu.uni.project.eventmanager.activity.MainActivity" >
76-->src/main/AndroidManifest.xml:60:9-66:20
76-->src/main/AndroidManifest.xml:60:19-56
77            <intent-filter>
77-->src/main/AndroidManifest.xml:61:13-65:29
78                <action android:name="android.intent.action.MAIN" />
78-->src/main/AndroidManifest.xml:62:17-69
78-->src/main/AndroidManifest.xml:62:25-66
79
80                <category android:name="android.intent.category.LAUNCHER" />
80-->src/main/AndroidManifest.xml:64:17-77
80-->src/main/AndroidManifest.xml:64:27-74
81            </intent-filter>
82        </activity>
83        <activity android:name="lu.uni.project.eventmanager.activity.LoginActivity" />
83-->src/main/AndroidManifest.xml:67:9-60
83-->src/main/AndroidManifest.xml:67:19-57
84        <activity
84-->src/main/AndroidManifest.xml:68:9-84:20
85            android:name="com.schibstedspain.leku.LocationPickerActivity"
85-->src/main/AndroidManifest.xml:69:13-74
86            android:label="@string/leku_title_activity_location_picker"
86-->src/main/AndroidManifest.xml:70:13-72
87            android:parentActivityName="lu.uni.project.eventmanager.activity.CreateEventStep5"
87-->src/main/AndroidManifest.xml:71:13-68
88            android:theme="@style/Theme.AppCompat.Light.NoActionBar"
88-->src/main/AndroidManifest.xml:72:13-69
89            android:windowSoftInputMode="adjustPan" >
89-->src/main/AndroidManifest.xml:73:13-52
90            <intent-filter>
90-->src/main/AndroidManifest.xml:74:13-76:29
91                <action android:name="android.intent.action.SEARCH" />
91-->src/main/AndroidManifest.xml:75:17-71
91-->src/main/AndroidManifest.xml:75:25-68
92            </intent-filter>
93
94            <meta-data
94-->src/main/AndroidManifest.xml:78:13-80:59
95                android:name="android.app.searchable"
95-->src/main/AndroidManifest.xml:79:17-54
96                android:resource="@xml/leku_searchable" />
96-->src/main/AndroidManifest.xml:80:17-56
97            <meta-data
97-->src/main/AndroidManifest.xml:81:13-83:62
98                android:name="android.support.PARENT_ACTIVITY"
98-->src/main/AndroidManifest.xml:82:17-63
99                android:value=".activity.CreateEventStep5" />
99-->src/main/AndroidManifest.xml:83:17-59
100        </activity>
101
102        <meta-data
102-->[com.firebaseui:firebase-ui-auth:6.1.0] AndroidManifest.xml:16:9-18:69
103            android:name="com.google.android.gms.version"
103-->[com.firebaseui:firebase-ui-auth:6.1.0] AndroidManifest.xml:17:13-58
104            android:value="@integer/google_play_services_version" />
104-->[com.firebaseui:firebase-ui-auth:6.1.0] AndroidManifest.xml:18:13-66
105        <meta-data
105-->[com.firebaseui:firebase-ui-auth:6.1.0] AndroidManifest.xml:19:9-21:63
106            android:name="com.facebook.sdk.ApplicationId"
106-->[com.firebaseui:firebase-ui-auth:6.1.0] AndroidManifest.xml:20:13-58
107            android:value="@string/facebook_application_id" />
107-->[com.firebaseui:firebase-ui-auth:6.1.0] AndroidManifest.xml:21:13-60
108
109        <activity
109-->[com.firebaseui:firebase-ui-auth:6.1.0] AndroidManifest.xml:23:9-27:61
110            android:name="com.firebase.ui.auth.KickoffActivity"
110-->[com.firebaseui:firebase-ui-auth:6.1.0] AndroidManifest.xml:24:13-64
111            android:exported="false"
111-->[com.firebaseui:firebase-ui-auth:6.1.0] AndroidManifest.xml:25:13-37
112            android:label=""
112-->[com.firebaseui:firebase-ui-auth:6.1.0] AndroidManifest.xml:26:13-29
113            android:theme="@style/FirebaseUI.Transparent" />
113-->[com.firebaseui:firebase-ui-auth:6.1.0] AndroidManifest.xml:27:13-58
114        <activity
114-->[com.firebaseui:firebase-ui-auth:6.1.0] AndroidManifest.xml:28:9-32:61
115            android:name="com.firebase.ui.auth.ui.idp.SingleSignInActivity"
115-->[com.firebaseui:firebase-ui-auth:6.1.0] AndroidManifest.xml:29:13-76
116            android:exported="false"
116-->[com.firebaseui:firebase-ui-auth:6.1.0] AndroidManifest.xml:30:13-37
117            android:label=""
117-->[com.firebaseui:firebase-ui-auth:6.1.0] AndroidManifest.xml:31:13-29
118            android:theme="@style/FirebaseUI.Transparent" />
118-->[com.firebaseui:firebase-ui-auth:6.1.0] AndroidManifest.xml:32:13-58
119        <activity
119-->[com.firebaseui:firebase-ui-auth:6.1.0] AndroidManifest.xml:33:9-37:61
120            android:name="com.firebase.ui.auth.ui.credentials.CredentialSaveActivity"
120-->[com.firebaseui:firebase-ui-auth:6.1.0] AndroidManifest.xml:34:13-86
121            android:exported="false"
121-->[com.firebaseui:firebase-ui-auth:6.1.0] AndroidManifest.xml:35:13-37
122            android:label=""
122-->[com.firebaseui:firebase-ui-auth:6.1.0] AndroidManifest.xml:36:13-29
123            android:theme="@style/FirebaseUI.Transparent" />
123-->[com.firebaseui:firebase-ui-auth:6.1.0] AndroidManifest.xml:37:13-58
124        <activity
124-->[com.firebaseui:firebase-ui-auth:6.1.0] AndroidManifest.xml:38:9-42:58
125            android:name="com.firebase.ui.auth.ui.email.RecoverPasswordActivity"
125-->[com.firebaseui:firebase-ui-auth:6.1.0] AndroidManifest.xml:39:13-81
126            android:exported="false"
126-->[com.firebaseui:firebase-ui-auth:6.1.0] AndroidManifest.xml:40:13-37
127            android:label="@string/fui_title_recover_password_activity"
127-->[com.firebaseui:firebase-ui-auth:6.1.0] AndroidManifest.xml:41:13-72
128            android:windowSoftInputMode="adjustResize" />
128-->[com.firebaseui:firebase-ui-auth:6.1.0] AndroidManifest.xml:42:13-55
129        <activity
129-->[com.firebaseui:firebase-ui-auth:6.1.0] AndroidManifest.xml:43:9-47:58
130            android:name="com.firebase.ui.auth.ui.email.EmailActivity"
130-->[com.firebaseui:firebase-ui-auth:6.1.0] AndroidManifest.xml:44:13-71
131            android:exported="false"
131-->[com.firebaseui:firebase-ui-auth:6.1.0] AndroidManifest.xml:45:13-37
132            android:label="@string/fui_sign_in_default"
132-->[com.firebaseui:firebase-ui-auth:6.1.0] AndroidManifest.xml:46:13-56
133            android:windowSoftInputMode="adjustResize" />
133-->[com.firebaseui:firebase-ui-auth:6.1.0] AndroidManifest.xml:47:13-55
134        <activity
134-->[com.firebaseui:firebase-ui-auth:6.1.0] AndroidManifest.xml:48:9-52:77
135            android:name="com.firebase.ui.auth.ui.phone.PhoneActivity"
135-->[com.firebaseui:firebase-ui-auth:6.1.0] AndroidManifest.xml:49:13-71
136            android:exported="false"
136-->[com.firebaseui:firebase-ui-auth:6.1.0] AndroidManifest.xml:50:13-37
137            android:label="@string/fui_sign_in_with_phone_number"
137-->[com.firebaseui:firebase-ui-auth:6.1.0] AndroidManifest.xml:51:13-66
138            android:windowSoftInputMode="adjustResize|stateAlwaysVisible" />
138-->[com.firebaseui:firebase-ui-auth:6.1.0] AndroidManifest.xml:52:13-74
139        <activity
139-->[com.firebaseui:firebase-ui-auth:6.1.0] AndroidManifest.xml:53:9-57:58
140            android:name="com.firebase.ui.auth.ui.idp.WelcomeBackIdpPrompt"
140-->[com.firebaseui:firebase-ui-auth:6.1.0] AndroidManifest.xml:54:13-76
141            android:exported="false"
141-->[com.firebaseui:firebase-ui-auth:6.1.0] AndroidManifest.xml:55:13-37
142            android:label="@string/fui_title_welcome_back_idp_prompt"
142-->[com.firebaseui:firebase-ui-auth:6.1.0] AndroidManifest.xml:56:13-70
143            android:windowSoftInputMode="adjustResize" />
143-->[com.firebaseui:firebase-ui-auth:6.1.0] AndroidManifest.xml:57:13-55
144        <activity
144-->[com.firebaseui:firebase-ui-auth:6.1.0] AndroidManifest.xml:58:9-62:58
145            android:name="com.firebase.ui.auth.ui.email.WelcomeBackPasswordPrompt"
145-->[com.firebaseui:firebase-ui-auth:6.1.0] AndroidManifest.xml:59:13-83
146            android:exported="false"
146-->[com.firebaseui:firebase-ui-auth:6.1.0] AndroidManifest.xml:60:13-37
147            android:label="@string/fui_title_welcome_back_password_prompt"
147-->[com.firebaseui:firebase-ui-auth:6.1.0] AndroidManifest.xml:61:13-75
148            android:windowSoftInputMode="adjustResize" />
148-->[com.firebaseui:firebase-ui-auth:6.1.0] AndroidManifest.xml:62:13-55
149        <activity
149-->[com.firebaseui:firebase-ui-auth:6.1.0] AndroidManifest.xml:63:9-67:58
150            android:name="com.firebase.ui.auth.ui.email.WelcomeBackEmailLinkPrompt"
150-->[com.firebaseui:firebase-ui-auth:6.1.0] AndroidManifest.xml:64:13-84
151            android:exported="false"
151-->[com.firebaseui:firebase-ui-auth:6.1.0] AndroidManifest.xml:65:13-37
152            android:label="@string/fui_title_welcome_back_password_prompt"
152-->[com.firebaseui:firebase-ui-auth:6.1.0] AndroidManifest.xml:66:13-75
153            android:windowSoftInputMode="adjustResize" />
153-->[com.firebaseui:firebase-ui-auth:6.1.0] AndroidManifest.xml:67:13-55
154        <activity
154-->[com.firebaseui:firebase-ui-auth:6.1.0] AndroidManifest.xml:68:9-73:58
155            android:name="com.firebase.ui.auth.ui.email.EmailLinkCatcherActivity"
155-->[com.firebaseui:firebase-ui-auth:6.1.0] AndroidManifest.xml:69:13-82
156            android:exported="false"
156-->[com.firebaseui:firebase-ui-auth:6.1.0] AndroidManifest.xml:70:13-37
157            android:label=""
157-->[com.firebaseui:firebase-ui-auth:6.1.0] AndroidManifest.xml:71:13-29
158            android:theme="@style/FirebaseUI.Transparent"
158-->[com.firebaseui:firebase-ui-auth:6.1.0] AndroidManifest.xml:72:13-58
159            android:windowSoftInputMode="adjustResize" />
159-->[com.firebaseui:firebase-ui-auth:6.1.0] AndroidManifest.xml:73:13-55
160        <activity
160-->[com.firebaseui:firebase-ui-auth:6.1.0] AndroidManifest.xml:74:9-78:58
161            android:name="com.firebase.ui.auth.ui.email.EmailLinkErrorRecoveryActivity"
161-->[com.firebaseui:firebase-ui-auth:6.1.0] AndroidManifest.xml:75:13-88
162            android:exported="false"
162-->[com.firebaseui:firebase-ui-auth:6.1.0] AndroidManifest.xml:76:13-37
163            android:label="@string/fui_sign_in_default"
163-->[com.firebaseui:firebase-ui-auth:6.1.0] AndroidManifest.xml:77:13-56
164            android:windowSoftInputMode="adjustResize" />
164-->[com.firebaseui:firebase-ui-auth:6.1.0] AndroidManifest.xml:78:13-55
165        <activity
165-->[com.firebaseui:firebase-ui-auth:6.1.0] AndroidManifest.xml:79:9-82:65
166            android:name="com.firebase.ui.auth.ui.idp.AuthMethodPickerActivity"
166-->[com.firebaseui:firebase-ui-auth:6.1.0] AndroidManifest.xml:80:13-80
167            android:exported="false"
167-->[com.firebaseui:firebase-ui-auth:6.1.0] AndroidManifest.xml:81:13-37
168            android:label="@string/fui_default_toolbar_title" />
168-->[com.firebaseui:firebase-ui-auth:6.1.0] AndroidManifest.xml:82:13-62
169        <activity
169-->[com.firebaseui:firebase-ui-auth:6.1.0] AndroidManifest.xml:83:9-87:48
170            android:name="com.facebook.FacebookActivity"
170-->[com.firebaseui:firebase-ui-auth:6.1.0] AndroidManifest.xml:84:13-57
171            android:configChanges="keyboard|keyboardHidden|screenLayout|screenSize|orientation"
171-->[com.firebaseui:firebase-ui-auth:6.1.0] AndroidManifest.xml:85:13-96
172            android:label="@string/app_name" />
172-->[com.firebaseui:firebase-ui-auth:6.1.0] AndroidManifest.xml:86:13-45
173        <activity
173-->[com.firebaseui:firebase-ui-auth:6.1.0] AndroidManifest.xml:88:9-100:20
174            android:name="com.facebook.CustomTabActivity"
174-->[com.firebaseui:firebase-ui-auth:6.1.0] AndroidManifest.xml:89:13-58
175            android:exported="true" >
175-->[com.firebaseui:firebase-ui-auth:6.1.0] AndroidManifest.xml:90:13-36
176            <intent-filter>
176-->[com.firebaseui:firebase-ui-auth:6.1.0] AndroidManifest.xml:92:13-99:29
177                <action android:name="android.intent.action.VIEW" />
177-->[com.firebaseui:firebase-ui-auth:6.1.0] AndroidManifest.xml:93:17-69
177-->[com.firebaseui:firebase-ui-auth:6.1.0] AndroidManifest.xml:93:25-66
178
179                <category android:name="android.intent.category.DEFAULT" />
179-->[com.firebaseui:firebase-ui-auth:6.1.0] AndroidManifest.xml:95:17-76
179-->[com.firebaseui:firebase-ui-auth:6.1.0] AndroidManifest.xml:95:27-73
180                <category android:name="android.intent.category.BROWSABLE" />
180-->[com.firebaseui:firebase-ui-auth:6.1.0] AndroidManifest.xml:96:17-78
180-->[com.firebaseui:firebase-ui-auth:6.1.0] AndroidManifest.xml:96:27-75
181
182                <data android:scheme="@string/facebook_login_protocol_scheme" />
182-->[com.firebaseui:firebase-ui-auth:6.1.0] AndroidManifest.xml:98:17-81
182-->[com.firebaseui:firebase-ui-auth:6.1.0] AndroidManifest.xml:98:23-78
183            </intent-filter>
184        </activity>
185
186        <provider
186-->[com.firebaseui:firebase-ui-auth:6.1.0] AndroidManifest.xml:102:9-106:38
187            android:name="com.firebase.ui.auth.data.client.AuthUiInitProvider"
187-->[com.firebaseui:firebase-ui-auth:6.1.0] AndroidManifest.xml:103:13-79
188            android:authorities="lu.uni.project.eventmanager.authuiinitprovider"
188-->[com.firebaseui:firebase-ui-auth:6.1.0] AndroidManifest.xml:104:13-70
189            android:exported="false"
189-->[com.firebaseui:firebase-ui-auth:6.1.0] AndroidManifest.xml:105:13-37
190            android:initOrder="90" /> <!-- Autocomplete -->
190-->[com.firebaseui:firebase-ui-auth:6.1.0] AndroidManifest.xml:106:13-35
191        <activity
191-->[com.google.android.libraries.places:places-compat:2.0.0] AndroidManifest.xml:16:9-23:20
192            android:name="com.google.android.libraries.places.widget.AutocompleteActivity"
192-->[com.google.android.libraries.places:places-compat:2.0.0] AndroidManifest.xml:17:13-91
193            android:exported="false"
193-->[com.google.android.libraries.places:places-compat:2.0.0] AndroidManifest.xml:18:13-37
194            android:hardwareAccelerated="true"
194-->[com.google.android.libraries.places:places-compat:2.0.0] AndroidManifest.xml:19:13-47
195            android:label="@string/places_autocomplete_label"
195-->[com.google.android.libraries.places:places-compat:2.0.0] AndroidManifest.xml:20:13-62
196            android:theme="@style/PlacesAutocompleteThemeOverlay"
196-->[com.google.android.libraries.places:places-compat:2.0.0] AndroidManifest.xml:21:13-66
197            android:windowSoftInputMode="stateAlwaysVisible|adjustPan" >
197-->[com.google.android.libraries.places:places-compat:2.0.0] AndroidManifest.xml:22:13-71
198        </activity>
199
200        <service
200-->[com.google.firebase:firebase-database:19.2.0] AndroidManifest.xml:29:9-35:19
201            android:name="com.google.firebase.components.ComponentDiscoveryService"
201-->[com.google.firebase:firebase-database:19.2.0] AndroidManifest.xml:30:13-84
202            android:directBootAware="true"
202-->[com.google.firebase:firebase-common:19.3.0] AndroidManifest.xml:34:13-43
203            android:exported="false" >
203-->[com.google.firebase:firebase-database:19.2.0] AndroidManifest.xml:31:13-37
204            <meta-data
204-->[com.google.firebase:firebase-database:19.2.0] AndroidManifest.xml:32:13-34:85
205                android:name="com.google.firebase.components:com.google.firebase.database.DatabaseRegistrar"
205-->[com.google.firebase:firebase-database:19.2.0] AndroidManifest.xml:33:17-109
206                android:value="com.google.firebase.components.ComponentRegistrar" />
206-->[com.google.firebase:firebase-database:19.2.0] AndroidManifest.xml:34:17-82
207            <meta-data
207-->[com.google.firebase:firebase-auth:19.1.0] AndroidManifest.xml:36:13-38:85
208                android:name="com.google.firebase.components:com.google.firebase.auth.FirebaseAuthRegistrar"
208-->[com.google.firebase:firebase-auth:19.1.0] AndroidManifest.xml:37:17-109
209                android:value="com.google.firebase.components.ComponentRegistrar" />
209-->[com.google.firebase:firebase-auth:19.1.0] AndroidManifest.xml:38:17-82
210            <meta-data
210-->[com.google.firebase:firebase-firestore:21.3.0] AndroidManifest.xml:20:13-22:85
211                android:name="com.google.firebase.components:com.google.firebase.firestore.FirestoreRegistrar"
211-->[com.google.firebase:firebase-firestore:21.3.0] AndroidManifest.xml:21:17-111
212                android:value="com.google.firebase.components.ComponentRegistrar" />
212-->[com.google.firebase:firebase-firestore:21.3.0] AndroidManifest.xml:22:17-82
213            <meta-data
213-->[com.google.firebase:firebase-storage:19.1.0] AndroidManifest.xml:33:13-35:85
214                android:name="com.google.firebase.components:com.google.firebase.storage.StorageRegistrar"
214-->[com.google.firebase:firebase-storage:19.1.0] AndroidManifest.xml:34:17-107
215                android:value="com.google.firebase.components.ComponentRegistrar" />
215-->[com.google.firebase:firebase-storage:19.1.0] AndroidManifest.xml:35:17-82
216            <meta-data
216-->[com.google.android.gms:play-services-measurement-api:17.2.1] AndroidManifest.xml:30:13-32:85
217                android:name="com.google.firebase.components:com.google.firebase.analytics.connector.internal.AnalyticsConnectorRegistrar"
217-->[com.google.android.gms:play-services-measurement-api:17.2.1] AndroidManifest.xml:31:17-139
218                android:value="com.google.firebase.components.ComponentRegistrar" />
218-->[com.google.android.gms:play-services-measurement-api:17.2.1] AndroidManifest.xml:32:17-82
219            <meta-data
219-->[com.google.firebase:firebase-iid:19.0.0] AndroidManifest.xml:32:13-34:85
220                android:name="com.google.firebase.components:com.google.firebase.iid.Registrar"
220-->[com.google.firebase:firebase-iid:19.0.0] AndroidManifest.xml:33:17-96
221                android:value="com.google.firebase.components.ComponentRegistrar" />
221-->[com.google.firebase:firebase-iid:19.0.0] AndroidManifest.xml:34:17-82
222        </service>
223
224        <activity
224-->[com.google.firebase:firebase-auth:19.1.0] AndroidManifest.xml:24:9-31:50
225            android:name="com.google.firebase.auth.internal.FederatedSignInActivity"
225-->[com.google.firebase:firebase-auth:19.1.0] AndroidManifest.xml:25:13-85
226            android:excludeFromRecents="true"
226-->[com.google.firebase:firebase-auth:19.1.0] AndroidManifest.xml:26:13-46
227            android:exported="true"
227-->[com.google.firebase:firebase-auth:19.1.0] AndroidManifest.xml:27:13-36
228            android:launchMode="singleTask"
228-->[com.google.firebase:firebase-auth:19.1.0] AndroidManifest.xml:28:13-44
229            android:permission="com.google.firebase.auth.api.gms.permission.LAUNCH_FEDERATED_SIGN_IN"
229-->[com.google.firebase:firebase-auth:19.1.0] AndroidManifest.xml:29:13-102
230            android:theme="@android:style/Theme.Translucent.NoTitleBar" />
230-->[com.google.firebase:firebase-auth:19.1.0] AndroidManifest.xml:30:13-72
231        <activity
231-->[com.google.android.gms:play-services-auth:17.0.0] AndroidManifest.xml:23:9-27:75
232            android:name="com.google.android.gms.auth.api.signin.internal.SignInHubActivity"
232-->[com.google.android.gms:play-services-auth:17.0.0] AndroidManifest.xml:24:13-93
233            android:excludeFromRecents="true"
233-->[com.google.android.gms:play-services-auth:17.0.0] AndroidManifest.xml:25:13-46
234            android:exported="false"
234-->[com.google.android.gms:play-services-auth:17.0.0] AndroidManifest.xml:26:13-37
235            android:theme="@android:style/Theme.Translucent.NoTitleBar" />
235-->[com.google.android.gms:play-services-auth:17.0.0] AndroidManifest.xml:27:13-72
236        <!--
237            Service handling Google Sign-In user revocation. For apps that do not integrate with
238            Google Sign-In, this service will never be started.
239        -->
240        <service
240-->[com.google.android.gms:play-services-auth:17.0.0] AndroidManifest.xml:33:9-36:110
241            android:name="com.google.android.gms.auth.api.signin.RevocationBoundService"
241-->[com.google.android.gms:play-services-auth:17.0.0] AndroidManifest.xml:34:13-89
242            android:exported="true"
242-->[com.google.android.gms:play-services-auth:17.0.0] AndroidManifest.xml:35:13-36
243            android:permission="com.google.android.gms.auth.api.signin.permission.REVOCATION_NOTIFICATION" /> <!-- Needs to be explicitly declared on P+ -->
243-->[com.google.android.gms:play-services-auth:17.0.0] AndroidManifest.xml:36:13-107
244        <uses-library
244-->[com.google.android.gms:play-services-maps:17.0.0] AndroidManifest.xml:33:9-35:40
245            android:name="org.apache.http.legacy"
245-->[com.google.android.gms:play-services-maps:17.0.0] AndroidManifest.xml:34:13-50
246            android:required="false" />
246-->[com.google.android.gms:play-services-maps:17.0.0] AndroidManifest.xml:35:13-37
247
248        <receiver
248-->[com.google.firebase:firebase-iid:19.0.0] AndroidManifest.xml:37:9-44:20
249            android:name="com.google.firebase.iid.FirebaseInstanceIdReceiver"
249-->[com.google.firebase:firebase-iid:19.0.0] AndroidManifest.xml:38:13-78
250            android:exported="true"
250-->[com.google.firebase:firebase-iid:19.0.0] AndroidManifest.xml:39:13-36
251            android:permission="com.google.android.c2dm.permission.SEND" >
251-->[com.google.firebase:firebase-iid:19.0.0] AndroidManifest.xml:40:13-73
252            <intent-filter>
252-->[com.google.firebase:firebase-iid:19.0.0] AndroidManifest.xml:41:13-43:29
253                <action android:name="com.google.android.c2dm.intent.RECEIVE" />
253-->[com.google.firebase:firebase-iid:19.0.0] AndroidManifest.xml:42:17-81
253-->[com.google.firebase:firebase-iid:19.0.0] AndroidManifest.xml:42:25-78
254            </intent-filter>
255        </receiver>
256
257        <activity
257-->[com.google.android.gms:play-services-base:17.1.0] AndroidManifest.xml:23:9-26:75
258            android:name="com.google.android.gms.common.api.GoogleApiActivity"
258-->[com.google.android.gms:play-services-base:17.1.0] AndroidManifest.xml:24:13-79
259            android:exported="false"
259-->[com.google.android.gms:play-services-base:17.1.0] AndroidManifest.xml:25:13-37
260            android:theme="@android:style/Theme.Translucent.NoTitleBar" />
260-->[com.google.android.gms:play-services-base:17.1.0] AndroidManifest.xml:26:13-72
261
262        <provider
262-->[com.google.firebase:firebase-common:19.3.0] AndroidManifest.xml:26:9-30:39